*** Using Compiler 'V5.06 update 5 (build 528)', folder: 'C:\Keil_v5\ARM\ARMCC\Bin'
Rebuild target 'Sample'
creating preprocessor file for system_NUC100Series.c...
assembling startup_NUC100Series.s...
creating preprocessor file for clk.c...
creating preprocessor file for gpio.c...
compiling system_NUC100Series.c...
creating preprocessor file for Scankey.c...
compiling clk.c...
creating preprocessor file for Seven_Segment.c...
compiling gpio.c...
creating preprocessor file for sys.c...
compiling Scankey.c...
creating preprocessor file for spi.c...
compiling Seven_Segment.c...
creating preprocessor file for uart.c...
compiling sys.c...
creating preprocessor file for LCD.c...
compiling spi.c...
creating preprocessor file for main.c...
compiling uart.c...
creating preprocessor file for SYS_init.c...
compiling LCD.c...
compiling main.c...
compiling SYS_init.c...
linking...
Program Size: Code=4560 RO-data=224 RW-data=2168 ZI-data=2080  
After Build - User command #1: fromelf --bin ".\obj\Sample.axf" --output ".\obj\Sample.bin"
After Build - User command #2: fromelf --text -c ".\obj\Sample.axf" --output ".\obj\Sample.txt"
".\obj\Sample.axf" - 0 Error(s), 0 Warning(s).
Build Time Elapsed:  00:00:02
